<?xml version="1.0" encoding="UTF-8"?>
<!-- Generated by org.testng.reporters.JUnitXMLReporter -->
<testsuite ignored="0" hostname="LTIN425900" failures="0" tests="5" name="Default test" time="132.141" errors="0" timestamp="2024-01-17T10:20:28 IST">
  <testcase classname="testCase.RecieveMailTest" name="Gmaillogin" time="20.982"/>
  <testcase classname="testCase.RecieveMailTest" name="createAccount" time="27.045"/>
  <testcase classname="testCase.RecieveMailTest" name="mainpage" time="38.99"/>
  <testcase classname="testCase.RecieveMailTest" name="searchFunctionality" time="11.569"/>
  <testcase classname="testCase.RecieveMailTest" name="addToCart" time="23.731"/>
</testsuite> <!-- Default test -->
