<?xml version="1.0" encoding="UTF-8"?>
<!-- Generated by org.testng.reporters.JUnitXMLReporter -->
<testsuite ignored="0" hostname="LTIN425900" failures="0" tests="3" name="Default test" time="115.017" errors="0" timestamp="2024-01-10T15:44:37 IST">
  <testcase classname="testCase.RecieveMailTest" name="Gmaillogin" time="11.641"/>
  <testcase classname="testCase.RecieveMailTest" name="createAccount" time="12.26"/>
  <testcase classname="testCase.RecieveMailTest" name="searchFunctionality" time="18.458"/>
</testsuite> <!-- Default test -->
