<?xml version="1.0" encoding="UTF-8"?>
<!-- Generated by org.testng.reporters.JUnitXMLReporter -->
<testsuite ignored="0" hostname="LTIN425900" failures="0" tests="3" name="AmazonTest" time="69.243" errors="0" timestamp="2024-01-10T15:52:44 IST">
  <testcase classname="testCase.RecieveMailTest" name="Gmaillogin" time="13.418"/>
  <testcase classname="testCase.RecieveMailTest" name="createAccount" time="9.971"/>
  <testcase classname="testCase.RecieveMailTest" name="searchFunctionality" time="38.403"/>
</testsuite> <!-- AmazonTest -->
