<?xml version="1.0" encoding="UTF-8"?>
<!-- Generated by org.testng.reporters.JUnitXMLReporter -->
<testsuite ignored="0" hostname="LTIN425900" failures="0" tests="4" name="RecievemailTest" time="78.174" errors="0" timestamp="2024-01-12T12:16:48 IST">
  <testcase classname="testCase.RecieveMailTest" name="Gmaillogin" time="12.095"/>
  <testcase classname="testCase.RecieveMailTest" name="createAccount" time="14.426"/>
  <testcase classname="testCase.RecieveMailTest" name="searchFunctionality" time="17.238"/>
  <testcase classname="testCase.RecieveMailTest" name="addToCart" time="24.394"/>
</testsuite> <!-- RecievemailTest -->
