<?xml version="1.0" encoding="UTF-8"?>
<!-- Generated by org.testng.reporters.JUnitXMLReporter -->
<testsuite ignored="0" hostname="LTIN425900" failures="0" tests="3" name="AmazonTest" time="53.964" errors="0" timestamp="2024-01-11T10:27:40 IST">
  <testcase classname="testCase.RecieveMailTest" name="Gmaillogin" time="11.533"/>
  <testcase classname="testCase.RecieveMailTest" name="createAccount" time="16.208"/>
  <testcase classname="testCase.RecieveMailTest" name="searchFunctionality" time="17.142"/>
</testsuite> <!-- AmazonTest -->
