<?xml version="1.0" encoding="UTF-8"?>
<testng-results ignored="0" total="4" passed="4" failed="0" skipped="0">
  <reporter-output>
  </reporter-output>
  <suite started-at="2024-01-11T10:26:18 IST" name="Suite" finished-at="2024-01-11T10:27:40 IST" duration-ms="82048">
    <groups>
    </groups>
    <test started-at="2024-01-11T10:26:18 IST" name="SendmailTest" finished-at="2024-01-11T10:26:46 IST" duration-ms="28039">
      <class name="testCase.SendMailTest">
        <test-method is-config="true" signature="setup()[pri:0, instance:testCase.SendMailTest@6404f418]" started-at="2024-01-11T10:26:18 IST" name="setup" finished-at="2024-01-11T10:26:29 IST" duration-ms="10808" status="PASS">
          <reporter-output>
          </reporter-output>
        </test-method> <!-- setup -->
        <test-method signature="sendMail()[pri:0, instance:testCase.SendMailTest@6404f418]" started-at="2024-01-11T10:26:29 IST" name="sendMail" finished-at="2024-01-11T10:26:45 IST" duration-ms="16376" status="PASS">
          <reporter-output>
          </reporter-output>
        </test-method> <!-- sendMail -->
        <test-method is-config="true" signature="tearDown()[pri:0, instance:testCase.SendMailTest@6404f418]" started-at="2024-01-11T10:26:45 IST" name="tearDown" finished-at="2024-01-11T10:26:46 IST" duration-ms="815" status="PASS">
          <reporter-output>
          </reporter-output>
        </test-method> <!-- tearDown -->
      </class> <!-- testCase.SendMailTest -->
    </test> <!-- SendmailTest -->
    <test started-at="2024-01-11T10:26:46 IST" name="AmazonTest" finished-at="2024-01-11T10:27:40 IST" duration-ms="53964">
      <class name="testCase.RecieveMailTest">
        <test-method is-config="true" signature="setup()[pri:0, instance:testCase.RecieveMailTest@942a29c]" started-at="2024-01-11T10:26:46 IST" name="setup" finished-at="2024-01-11T10:26:55 IST" duration-ms="9007" status="PASS">
          <reporter-output>
          </reporter-output>
        </test-method> <!-- setup -->
        <test-method signature="Gmaillogin()[pri:1, instance:testCase.RecieveMailTest@942a29c]" started-at="2024-01-11T10:26:55 IST" name="Gmaillogin" finished-at="2024-01-11T10:27:07 IST" duration-ms="11533" status="PASS">
          <reporter-output>
          </reporter-output>
        </test-method> <!-- Gmaillogin -->
        <test-method signature="createAccount()[pri:2, instance:testCase.RecieveMailTest@942a29c]" started-at="2024-01-11T10:27:07 IST" name="createAccount" finished-at="2024-01-11T10:27:23 IST" duration-ms="16208" status="PASS">
          <reporter-output>
          </reporter-output>
        </test-method> <!-- createAccount -->
        <test-method signature="searchFunctionality()[pri:3, instance:testCase.RecieveMailTest@942a29c]" started-at="2024-01-11T10:27:23 IST" name="searchFunctionality" finished-at="2024-01-11T10:27:40 IST" duration-ms="17142" status="PASS">
          <reporter-output>
          </reporter-output>
        </test-method> <!-- searchFunctionality -->
        <test-method is-config="true" signature="tearDown()[pri:0, instance:testCase.RecieveMailTest@942a29c]" started-at="2024-01-11T10:27:40 IST" name="tearDown" finished-at="2024-01-11T10:27:40 IST" duration-ms="65" status="PASS">
          <reporter-output>
          </reporter-output>
        </test-method> <!-- tearDown -->
      </class> <!-- testCase.RecieveMailTest -->
    </test> <!-- AmazonTest -->
  </suite> <!-- Suite -->
</testng-results>
