<?xml version="1.0" encoding="UTF-8"?>
<testng-results ignored="0" total="1" passed="1" failed="0" skipped="0">
  <reporter-output>
  </reporter-output>
  <suite started-at="2024-01-09T13:00:59 IST" name="Default suite" finished-at="2024-01-09T13:01:27 IST" duration-ms="28147">
    <groups>
    </groups>
    <test started-at="2024-01-09T13:00:59 IST" name="Default test" finished-at="2024-01-09T13:01:27 IST" duration-ms="28147">
      <class name="testCase.SendMailTest">
        <test-method is-config="true" signature="setUp()[pri:0, instance:testCase.SendMailTest@2e6a8155]" started-at="2024-01-09T13:00:59 IST" name="setUp" finished-at="2024-01-09T13:01:05 IST" duration-ms="6394" status="PASS">
          <reporter-output>
          </reporter-output>
        </test-method> <!-- setUp -->
        <test-method signature="sendMail()[pri:0, instance:testCase.SendMailTest@2e6a8155]" started-at="2024-01-09T13:01:05 IST" name="sendMail" finished-at="2024-01-09T13:01:27 IST" duration-ms="21717" status="PASS">
          <reporter-output>
          </reporter-output>
        </test-method> <!-- sendMail -->
      </class> <!-- testCase.SendMailTest -->
    </test> <!-- Default test -->
  </suite> <!-- Default suite -->
</testng-results>
