<?xml version="1.0" encoding="UTF-8"?>
<testng-results ignored="0" total="5" passed="5" failed="0" skipped="0">
  <reporter-output>
  </reporter-output>
  <suite started-at="2024-01-17T10:18:16 IST" name="Default suite" finished-at="2024-01-17T10:20:28 IST" duration-ms="132141">
    <groups>
    </groups>
    <test started-at="2024-01-17T10:18:16 IST" name="Default test" finished-at="2024-01-17T10:20:28 IST" duration-ms="132141">
      <class name="testCase.RecieveMailTest">
        <test-method is-config="true" signature="setup()[pri:0, instance:testCase.RecieveMailTest@229c6181]" started-at="2024-01-17T10:18:16 IST" name="setup" finished-at="2024-01-17T10:18:25 IST" duration-ms="9688" status="PASS">
          <reporter-output>
          </reporter-output>
        </test-method> <!-- setup -->
        <test-method signature="Gmaillogin()[pri:1, instance:testCase.RecieveMailTest@229c6181]" started-at="2024-01-17T10:18:25 IST" name="Gmaillogin" finished-at="2024-01-17T10:18:46 IST" duration-ms="20982" status="PASS">
          <reporter-output>
          </reporter-output>
        </test-method> <!-- Gmaillogin -->
        <test-method signature="createAccount()[pri:2, instance:testCase.RecieveMailTest@229c6181]" started-at="2024-01-17T10:18:46 IST" name="createAccount" finished-at="2024-01-17T10:19:13 IST" duration-ms="27045" status="PASS">
          <reporter-output>
          </reporter-output>
        </test-method> <!-- createAccount -->
        <test-method signature="mainpage()[pri:3, instance:testCase.RecieveMailTest@229c6181]" started-at="2024-01-17T10:19:13 IST" name="mainpage" finished-at="2024-01-17T10:19:52 IST" duration-ms="38990" status="PASS">
          <reporter-output>
          </reporter-output>
        </test-method> <!-- mainpage -->
        <test-method signature="searchFunctionality()[pri:4, instance:testCase.RecieveMailTest@229c6181]" started-at="2024-01-17T10:19:52 IST" name="searchFunctionality" finished-at="2024-01-17T10:20:04 IST" duration-ms="11569" status="PASS">
          <reporter-output>
          </reporter-output>
        </test-method> <!-- searchFunctionality -->
        <test-method signature="addToCart()[pri:5, instance:testCase.RecieveMailTest@229c6181]" started-at="2024-01-17T10:20:04 IST" name="addToCart" finished-at="2024-01-17T10:20:28 IST" duration-ms="23731" status="PASS">
          <reporter-output>
          </reporter-output>
        </test-method> <!-- addToCart -->
        <test-method is-config="true" signature="tearDown()[pri:0, instance:testCase.RecieveMailTest@229c6181]" started-at="2024-01-17T10:20:28 IST" name="tearDown" finished-at="2024-01-17T10:20:28 IST" duration-ms="73" status="PASS">
          <reporter-output>
          </reporter-output>
        </test-method> <!-- tearDown -->
      </class> <!-- testCase.RecieveMailTest -->
    </test> <!-- Default test -->
  </suite> <!-- Default suite -->
</testng-results>
